cropimage-master/simple-crop-image-lib/build/outputs/logs/manifest-merger-debug-report.txt
-- Merging decision tree log ---
manifest
ADDED from cropimage-master\simple-crop-image-lib\AndroidManifest.xml:2:1-7:12
INJECTED from cropimage-master\simple-crop-image-lib\AndroidManifest.xml:2:1-7:12
INJECTED from cropimage-master\simple-crop-image-lib\AndroidManifest.xml:2:1-7:12
INJECTED from cropimage-master\simple-crop-image-lib\AndroidManifest.xml:2:1-7:12
INJECTED from cropimage-master\simple-crop-image-lib\AndroidManifest.xml:2:1-7:12
INJECTED from cropimage-master\simple-crop-image-lib\AndroidManifest.xml:2:1-7:12
INJECTED from cropimage-master\simple-crop-image-lib\AndroidManifest.xml:2:1-7:12
	package
		ADDED from cropimage-master\simple-crop-image-lib\AndroidManifest.xml:3:11-57
		INJECTED from cropimage-master\simple-crop-image-lib\AndroidManifest.xml
		INJECTED from cropimage-master\simple-crop-image-lib\AndroidManifest.xml
	android:versionName
		ADDED from cropimage-master\simple-crop-image-lib\AndroidManifest.xml:5:11-36
		INJECTED from cropimage-master\simple-crop-image-lib\AndroidManifest.xml
		INJECTED from cropimage-master\simple-crop-image-lib\AndroidManifest.xml
	xmlns:android
		ADDED from cropimage-master\simple-crop-image-lib\AndroidManifest.xml:2:11-69
	android:versionCode
		ADDED from cropimage-master\simple-crop-image-lib\AndroidManifest.xml:4:11-34
		INJECTED from cropimage-master\simple-crop-image-lib\AndroidManifest.xml
		INJECTED from cropimage-master\simple-crop-image-lib\AndroidManifest.xml
uses-sdk
INJECTED from cropimage-master\simple-crop-image-lib\AndroidManifest.xml reason: use-sdk injection requested
INJECTED from cropimage-master\simple-crop-image-lib\AndroidManifest.xml
INJECTED from cropimage-master\simple-crop-image-lib\AndroidManifest.xml
INJECTED from cropimage-master\simple-crop-image-lib\AndroidManifest.xml
INJECTED from cropimage-master\simple-crop-image-lib\AndroidManifest.xml
	android:targetSdkVersion
		INJECTED from cropimage-master\simple-crop-image-lib\AndroidManifest.xml
		ADDED from cropimage-master\simple-crop-image-lib\AndroidManifest.xml
		INJECTED from cropimage-master\simple-crop-image-lib\AndroidManifest.xml
	android:minSdkVersion
		INJECTED from cropimage-master\simple-crop-image-lib\AndroidManifest.xml
		ADDED from cropimage-master\simple-crop-image-lib\AndroidManifest.xml
		INJECTED from cropimage-master\simple-crop-image-lib\AndroidManifest.xml